
2023/12/12 (00:21:36) | ===> btop++ v.1.2.13
2023/12/12 (00:21:36) | ERROR: Stall in Runner thread, restarting!
2023/12/12 (00:21:41) | WARNING: Failed to join _runner thread on exit!

2023/12/12 (10:08:50) | ===> btop++ v.1.2.13
2023/12/12 (10:08:50) | ERROR: Stall in Runner thread, restarting!
2023/12/12 (10:08:56) | ERROR: Stall in Runner thread, restarting!
2023/12/12 (10:09:01) | ERROR: Stall in Runner thread, restarting!
2023/12/12 (10:09:06) | ERROR: Stall in Runner thread, restarting!
2023/12/12 (10:09:11) | ERROR: Stall in Runner thread, restarting!
2023/12/12 (10:09:16) | ERROR: Stall in Runner thread, restarting!
2023/12/12 (10:09:21) | ERROR: Stall in Runner thread, restarting!
2023/12/12 (10:09:26) | ERROR: Stall in Runner thread, restarting!
2023/12/12 (10:09:31) | ERROR: Stall in Runner thread, restarting!
2023/12/12 (10:09:36) | ERROR: Stall in Runner thread, restarting!
2023/12/12 (10:09:41) | ERROR: Stall in Runner thread, restarting!
2023/12/12 (10:09:47) | ERROR: Stall in Runner thread, restarting!
2023/12/12 (10:09:52) | ERROR: Stall in Runner thread, restarting!
2023/12/12 (10:09:57) | ERROR: Stall in Runner thread, restarting!
2023/12/12 (10:10:02) | ERROR: Stall in Runner thread, restarting!
2023/12/12 (10:10:07) | ERROR: Stall in Runner thread, restarting!
2023/12/12 (10:10:12) | ERROR: Stall in Runner thread, restarting!
2023/12/12 (10:10:17) | ERROR: Stall in Runner thread, restarting!
2023/12/12 (10:10:22) | ERROR: Stall in Runner thread, restarting!
2023/12/12 (10:10:27) | ERROR: Stall in Runner thread, restarting!
2023/12/12 (10:10:33) | ERROR: Stall in Runner thread, restarting!
2023/12/12 (10:10:38) | ERROR: Stall in Runner thread, restarting!
2023/12/12 (10:10:43) | ERROR: Stall in Runner thread, restarting!
2023/12/12 (10:10:48) | ERROR: Stall in Runner thread, restarting!
2023/12/12 (10:10:53) | ERROR: Stall in Runner thread, restarting!
2023/12/12 (10:10:58) | ERROR: Stall in Runner thread, restarting!
2023/12/12 (10:11:03) | ERROR: Stall in Runner thread, restarting!
2023/12/12 (10:11:08) | ERROR: Stall in Runner thread, restarting!
2023/12/12 (10:11:13) | ERROR: Stall in Runner thread, restarting!
2023/12/12 (10:11:18) | ERROR: Stall in Runner thread, restarting!
2023/12/12 (10:11:24) | ERROR: Stall in Runner thread, restarting!
2023/12/12 (10:11:29) | ERROR: Stall in Runner thread, restarting!
2023/12/12 (10:11:34) | ERROR: Stall in Runner thread, restarting!
2023/12/12 (10:11:39) | ERROR: Stall in Runner thread, restarting!
2023/12/12 (10:11:44) | ERROR: Stall in Runner thread, restarting!
2023/12/12 (10:11:49) | ERROR: Stall in Runner thread, restarting!
2023/12/12 (10:11:54) | ERROR: Stall in Runner thread, restarting!
2023/12/12 (10:11:59) | ERROR: Stall in Runner thread, restarting!
2023/12/12 (10:12:04) | ERROR: Stall in Runner thread, restarting!
2023/12/12 (10:12:09) | ERROR: Stall in Runner thread, restarting!
2023/12/12 (10:12:15) | ERROR: Stall in Runner thread, restarting!
2023/12/12 (10:12:20) | ERROR: Stall in Runner thread, restarting!
2023/12/12 (10:12:25) | ERROR: Stall in Runner thread, restarting!
2023/12/12 (10:12:30) | ERROR: Stall in Runner thread, restarting!
2023/12/12 (10:12:35) | ERROR: Stall in Runner thread, restarting!
2023/12/12 (10:12:40) | ERROR: Stall in Runner thread, restarting!
2023/12/12 (10:12:45) | ERROR: Stall in Runner thread, restarting!
2023/12/12 (10:12:50) | ERROR: Stall in Runner thread, restarting!
2023/12/12 (10:12:55) | ERROR: Stall in Runner thread, restarting!
2023/12/12 (10:13:00) | ERROR: Stall in Runner thread, restarting!
2023/12/12 (10:13:06) | ERROR: Stall in Runner thread, restarting!
2023/12/12 (10:13:11) | ERROR: Stall in Runner thread, restarting!
2023/12/12 (10:13:16) | ERROR: Stall in Runner thread, restarting!
2023/12/12 (10:13:21) | ERROR: Stall in Runner thread, restarting!
2023/12/12 (10:13:26) | ERROR: Stall in Runner thread, restarting!
2023/12/12 (10:13:31) | ERROR: Stall in Runner thread, restarting!
2023/12/12 (10:13:36) | ERROR: Stall in Runner thread, restarting!
2023/12/12 (10:13:41) | ERROR: Stall in Runner thread, restarting!
2023/12/12 (10:13:46) | ERROR: Stall in Runner thread, restarting!
2023/12/12 (10:13:51) | ERROR: Stall in Runner thread, restarting!
2023/12/12 (10:13:57) | ERROR: Stall in Runner thread, restarting!
2023/12/12 (10:14:02) | ERROR: Stall in Runner thread, restarting!
2023/12/12 (10:14:07) | ERROR: Stall in Runner thread, restarting!
2023/12/12 (10:14:12) | ERROR: Stall in Runner thread, restarting!
2023/12/12 (10:14:17) | ERROR: Stall in Runner thread, restarting!
2023/12/12 (10:14:22) | ERROR: Stall in Runner thread, restarting!
2023/12/12 (10:14:27) | ERROR: Stall in Runner thread, restarting!
2023/12/12 (10:14:32) | ERROR: Stall in Runner thread, restarting!
2023/12/12 (10:14:37) | ERROR: Stall in Runner thread, restarting!
2023/12/12 (10:14:43) | ERROR: Stall in Runner thread, restarting!
2023/12/12 (10:14:48) | ERROR: Stall in Runner thread, restarting!
2023/12/12 (10:14:53) | ERROR: Stall in Runner thread, restarting!
2023/12/12 (10:14:58) | ERROR: Stall in Runner thread, restarting!
2023/12/12 (10:15:03) | ERROR: Stall in Runner thread, restarting!
2023/12/12 (10:15:08) | ERROR: Stall in Runner thread, restarting!
2023/12/12 (10:15:13) | ERROR: Stall in Runner thread, restarting!
2023/12/12 (10:15:18) | ERROR: Stall in Runner thread, restarting!
2023/12/12 (10:15:23) | ERROR: Stall in Runner thread, restarting!
2023/12/12 (10:15:28) | ERROR: Stall in Runner thread, restarting!
2023/12/12 (10:15:34) | ERROR: Stall in Runner thread, restarting!
2023/12/12 (10:15:39) | ERROR: Stall in Runner thread, restarting!
2023/12/12 (10:15:44) | ERROR: Stall in Runner thread, restarting!
2023/12/12 (10:15:49) | ERROR: Stall in Runner thread, restarting!
2023/12/12 (10:15:54) | ERROR: Stall in Runner thread, restarting!
2023/12/12 (10:15:59) | ERROR: Stall in Runner thread, restarting!
2023/12/12 (10:16:04) | ERROR: Stall in Runner thread, restarting!
2023/12/12 (10:16:09) | ERROR: Stall in Runner thread, restarting!
2023/12/12 (10:16:14) | ERROR: Stall in Runner thread, restarting!
2023/12/12 (10:16:19) | ERROR: Stall in Runner thread, restarting!
2023/12/12 (10:16:25) | ERROR: Stall in Runner thread, restarting!
2023/12/12 (10:16:30) | ERROR: Stall in Runner thread, restarting!
2023/12/12 (10:16:35) | ERROR: Stall in Runner thread, restarting!
2023/12/12 (10:16:40) | ERROR: Stall in Runner thread, restarting!
2023/12/12 (10:16:45) | ERROR: Stall in Runner thread, restarting!
2023/12/12 (10:16:50) | ERROR: Stall in Runner thread, restarting!
2023/12/12 (10:16:55) | ERROR: Stall in Runner thread, restarting!
2023/12/12 (10:17:00) | ERROR: Stall in Runner thread, restarting!
2023/12/12 (10:17:05) | ERROR: Stall in Runner thread, restarting!
2023/12/12 (10:17:10) | ERROR: Stall in Runner thread, restarting!
2023/12/12 (10:17:16) | ERROR: Stall in Runner thread, restarting!
2023/12/12 (10:17:21) | ERROR: Stall in Runner thread, restarting!
2023/12/12 (10:17:26) | ERROR: Stall in Runner thread, restarting!
2023/12/12 (10:17:31) | ERROR: Stall in Runner thread, restarting!
2023/12/12 (10:17:36) | ERROR: Stall in Runner thread, restarting!
2023/12/12 (10:17:41) | ERROR: Stall in Runner thread, restarting!
2023/12/12 (10:17:46) | ERROR: Stall in Runner thread, restarting!
2023/12/12 (10:17:51) | ERROR: Stall in Runner thread, restarting!
2023/12/12 (10:17:56) | ERROR: Stall in Runner thread, restarting!
2023/12/12 (10:18:01) | ERROR: Stall in Runner thread, restarting!
2023/12/12 (10:18:07) | ERROR: Stall in Runner thread, restarting!
2023/12/12 (10:18:12) | ERROR: Stall in Runner thread, restarting!
2023/12/12 (10:18:17) | ERROR: Stall in Runner thread, restarting!
2023/12/12 (10:18:22) | ERROR: Stall in Runner thread, restarting!
2023/12/12 (10:18:27) | ERROR: Stall in Runner thread, restarting!
2023/12/12 (10:18:32) | ERROR: Stall in Runner thread, restarting!
2023/12/12 (10:18:37) | ERROR: Stall in Runner thread, restarting!
2023/12/12 (10:18:42) | ERROR: Stall in Runner thread, restarting!
2023/12/12 (10:18:47) | ERROR: Stall in Runner thread, restarting!
2023/12/12 (10:18:53) | ERROR: Stall in Runner thread, restarting!
2023/12/12 (10:18:58) | ERROR: Stall in Runner thread, restarting!
2023/12/12 (10:19:03) | ERROR: Stall in Runner thread, restarting!
2023/12/12 (10:19:08) | ERROR: Stall in Runner thread, restarting!
2023/12/12 (10:19:13) | ERROR: Stall in Runner thread, restarting!
2023/12/12 (10:19:18) | ERROR: Stall in Runner thread, restarting!
2023/12/12 (10:19:23) | ERROR: Stall in Runner thread, restarting!
2023/12/12 (10:19:28) | ERROR: Stall in Runner thread, restarting!
2023/12/12 (10:19:33) | ERROR: Stall in Runner thread, restarting!
2023/12/12 (10:19:38) | ERROR: Stall in Runner thread, restarting!
2023/12/12 (10:19:44) | ERROR: Stall in Runner thread, restarting!
2023/12/12 (10:19:49) | ERROR: Stall in Runner thread, restarting!
2023/12/12 (10:19:54) | ERROR: Stall in Runner thread, restarting!
2023/12/12 (10:19:59) | ERROR: Stall in Runner thread, restarting!
2023/12/12 (10:20:04) | ERROR: Stall in Runner thread, restarting!
2023/12/12 (10:20:09) | ERROR: Stall in Runner thread, restarting!
2023/12/12 (10:20:14) | ERROR: Stall in Runner thread, restarting!
2023/12/12 (10:20:19) | ERROR: Stall in Runner thread, restarting!
2023/12/12 (10:20:24) | ERROR: Stall in Runner thread, restarting!
2023/12/12 (10:20:29) | ERROR: Stall in Runner thread, restarting!
2023/12/12 (10:20:35) | ERROR: Stall in Runner thread, restarting!
2023/12/12 (10:20:40) | ERROR: Stall in Runner thread, restarting!
2023/12/12 (10:20:45) | ERROR: Stall in Runner thread, restarting!
2023/12/12 (10:20:50) | ERROR: Stall in Runner thread, restarting!
2023/12/12 (10:20:55) | ERROR: Stall in Runner thread, restarting!
2023/12/12 (10:21:00) | ERROR: Stall in Runner thread, restarting!
2023/12/12 (10:21:05) | ERROR: Stall in Runner thread, restarting!
2023/12/12 (10:21:10) | ERROR: Stall in Runner thread, restarting!
2023/12/12 (10:21:15) | ERROR: Stall in Runner thread, restarting!
2023/12/12 (10:21:20) | ERROR: Stall in Runner thread, restarting!
2023/12/12 (10:21:26) | ERROR: Stall in Runner thread, restarting!
2023/12/12 (10:21:31) | ERROR: Stall in Runner thread, restarting!
2023/12/12 (10:21:36) | ERROR: Stall in Runner thread, restarting!
2023/12/12 (10:21:41) | ERROR: Stall in Runner thread, restarting!
2023/12/12 (10:21:46) | ERROR: Stall in Runner thread, restarting!
2023/12/12 (10:21:51) | ERROR: Stall in Runner thread, restarting!
2023/12/12 (10:21:56) | ERROR: Stall in Runner thread, restarting!
2023/12/12 (10:22:01) | ERROR: Stall in Runner thread, restarting!
2023/12/12 (10:22:06) | ERROR: Stall in Runner thread, restarting!
2023/12/12 (10:22:11) | ERROR: Stall in Runner thread, restarting!
2023/12/12 (10:22:17) | ERROR: Stall in Runner thread, restarting!
2023/12/12 (10:22:22) | ERROR: Stall in Runner thread, restarting!
2023/12/12 (10:22:27) | ERROR: Stall in Runner thread, restarting!
2023/12/12 (10:22:32) | ERROR: Stall in Runner thread, restarting!
2023/12/12 (10:22:37) | ERROR: Stall in Runner thread, restarting!
2023/12/12 (10:22:42) | ERROR: Stall in Runner thread, restarting!
2023/12/12 (10:22:47) | ERROR: Stall in Runner thread, restarting!
2023/12/12 (10:22:52) | ERROR: Stall in Runner thread, restarting!
2023/12/12 (10:22:57) | ERROR: Stall in Runner thread, restarting!
2023/12/12 (10:23:03) | ERROR: Stall in Runner thread, restarting!
2023/12/12 (10:23:08) | ERROR: Stall in Runner thread, restarting!
2023/12/12 (10:23:13) | ERROR: Stall in Runner thread, restarting!
2023/12/12 (10:23:18) | ERROR: Stall in Runner thread, restarting!
2023/12/12 (10:23:23) | ERROR: Stall in Runner thread, restarting!
2023/12/12 (10:23:28) | ERROR: Stall in Runner thread, restarting!
2023/12/12 (10:23:33) | ERROR: Stall in Runner thread, restarting!
2023/12/12 (10:23:38) | ERROR: Stall in Runner thread, restarting!
2023/12/12 (10:23:43) | ERROR: Stall in Runner thread, restarting!
2023/12/12 (10:23:48) | ERROR: Stall in Runner thread, restarting!
2023/12/12 (10:23:54) | ERROR: Stall in Runner thread, restarting!
2023/12/12 (10:23:59) | ERROR: Stall in Runner thread, restarting!
2023/12/12 (10:24:04) | ERROR: Stall in Runner thread, restarting!
2023/12/12 (10:24:09) | ERROR: Stall in Runner thread, restarting!
2023/12/12 (10:24:14) | ERROR: Stall in Runner thread, restarting!
2023/12/12 (10:24:19) | ERROR: Stall in Runner thread, restarting!
2023/12/12 (10:24:24) | ERROR: Stall in Runner thread, restarting!
2023/12/12 (10:24:29) | ERROR: Stall in Runner thread, restarting!
2023/12/12 (10:24:34) | ERROR: Stall in Runner thread, restarting!
2023/12/12 (10:24:39) | ERROR: Stall in Runner thread, restarting!
2023/12/12 (10:24:45) | ERROR: Stall in Runner thread, restarting!
2023/12/12 (10:24:50) | ERROR: Stall in Runner thread, restarting!
2023/12/12 (10:24:55) | ERROR: Stall in Runner thread, restarting!
2023/12/12 (10:25:00) | ERROR: Stall in Runner thread, restarting!
2023/12/12 (10:25:05) | ERROR: Stall in Runner thread, restarting!
2023/12/12 (10:25:10) | ERROR: Stall in Runner thread, restarting!
2023/12/12 (10:25:15) | ERROR: Stall in Runner thread, restarting!
2023/12/12 (10:25:20) | ERROR: Stall in Runner thread, restarting!
2023/12/12 (10:25:25) | ERROR: Stall in Runner thread, restarting!
2023/12/12 (10:25:30) | ERROR: Stall in Runner thread, restarting!
2023/12/12 (10:25:36) | ERROR: Stall in Runner thread, restarting!
2023/12/12 (10:25:41) | ERROR: Stall in Runner thread, restarting!
2023/12/12 (10:25:46) | ERROR: Stall in Runner thread, restarting!
2023/12/12 (10:25:51) | ERROR: Stall in Runner thread, restarting!
2023/12/12 (10:25:56) | ERROR: Stall in Runner thread, restarting!
2023/12/12 (10:26:01) | ERROR: Stall in Runner thread, restarting!
2023/12/12 (10:26:06) | ERROR: Stall in Runner thread, restarting!
2023/12/12 (10:26:11) | ERROR: Stall in Runner thread, restarting!
2023/12/12 (10:26:16) | ERROR: Stall in Runner thread, restarting!
2023/12/12 (10:26:21) | ERROR: Stall in Runner thread, restarting!
2023/12/12 (10:26:27) | ERROR: Stall in Runner thread, restarting!
2023/12/12 (10:26:32) | ERROR: Stall in Runner thread, restarting!
2023/12/12 (10:26:37) | ERROR: Stall in Runner thread, restarting!
2023/12/12 (10:26:42) | ERROR: Stall in Runner thread, restarting!
2023/12/12 (10:26:47) | ERROR: Stall in Runner thread, restarting!
2023/12/12 (10:26:52) | ERROR: Stall in Runner thread, restarting!
2023/12/12 (10:26:57) | ERROR: Stall in Runner thread, restarting!
2023/12/12 (10:27:02) | ERROR: Stall in Runner thread, restarting!
2023/12/12 (10:27:07) | ERROR: Stall in Runner thread, restarting!
2023/12/12 (10:27:13) | ERROR: Stall in Runner thread, restarting!
2023/12/12 (10:27:18) | ERROR: Stall in Runner thread, restarting!
2023/12/12 (10:27:23) | ERROR: Stall in Runner thread, restarting!
2023/12/12 (10:27:28) | ERROR: Stall in Runner thread, restarting!
2023/12/12 (10:27:33) | ERROR: Stall in Runner thread, restarting!
2023/12/12 (10:27:38) | ERROR: Stall in Runner thread, restarting!
2023/12/12 (10:27:43) | ERROR: Stall in Runner thread, restarting!
2023/12/12 (10:27:48) | ERROR: Stall in Runner thread, restarting!
2023/12/12 (10:27:53) | ERROR: Stall in Runner thread, restarting!
2023/12/12 (10:27:58) | ERROR: Stall in Runner thread, restarting!
2023/12/12 (10:28:04) | ERROR: Stall in Runner thread, restarting!
2023/12/12 (10:28:09) | ERROR: Stall in Runner thread, restarting!
2023/12/12 (10:28:14) | ERROR: Stall in Runner thread, restarting!
2023/12/12 (10:28:19) | ERROR: Stall in Runner thread, restarting!
2023/12/12 (10:28:24) | ERROR: Stall in Runner thread, restarting!
2023/12/12 (10:28:29) | ERROR: Stall in Runner thread, restarting!
2023/12/12 (10:28:34) | ERROR: Stall in Runner thread, restarting!
2023/12/12 (10:28:39) | ERROR: Stall in Runner thread, restarting!
2023/12/12 (10:28:44) | ERROR: Stall in Runner thread, restarting!
2023/12/12 (10:28:49) | ERROR: Stall in Runner thread, restarting!
2023/12/12 (10:28:55) | ERROR: Stall in Runner thread, restarting!
2023/12/12 (10:29:00) | ERROR: Stall in Runner thread, restarting!
2023/12/12 (10:29:05) | ERROR: Stall in Runner thread, restarting!
2023/12/12 (10:29:10) | ERROR: Stall in Runner thread, restarting!
2023/12/12 (10:29:15) | ERROR: Stall in Runner thread, restarting!
2023/12/12 (10:29:20) | ERROR: Stall in Runner thread, restarting!
2023/12/12 (10:29:25) | ERROR: Stall in Runner thread, restarting!
2023/12/12 (10:29:30) | ERROR: Stall in Runner thread, restarting!
2023/12/12 (10:29:35) | ERROR: Stall in Runner thread, restarting!
2023/12/12 (10:29:40) | ERROR: Stall in Runner thread, restarting!
2023/12/12 (10:29:46) | ERROR: Stall in Runner thread, restarting!
2023/12/12 (10:29:51) | ERROR: Stall in Runner thread, restarting!
2023/12/12 (10:29:56) | ERROR: Stall in Runner thread, restarting!
2023/12/12 (10:30:01) | ERROR: Stall in Runner thread, restarting!
2023/12/12 (10:30:06) | ERROR: Stall in Runner thread, restarting!
2023/12/12 (10:30:11) | ERROR: Stall in Runner thread, restarting!
2023/12/12 (10:30:16) | ERROR: Stall in Runner thread, restarting!
2023/12/12 (10:30:21) | ERROR: Stall in Runner thread, restarting!
2023/12/12 (10:30:26) | ERROR: Stall in Runner thread, restarting!
2023/12/12 (10:30:31) | ERROR: Stall in Runner thread, restarting!
2023/12/12 (10:30:37) | ERROR: Stall in Runner thread, restarting!
2023/12/12 (10:30:42) | ERROR: Stall in Runner thread, restarting!
2023/12/12 (10:30:47) | ERROR: Stall in Runner thread, restarting!
2023/12/12 (10:30:52) | ERROR: Stall in Runner thread, restarting!
2023/12/12 (10:30:57) | ERROR: Stall in Runner thread, restarting!
2023/12/12 (10:31:02) | ERROR: Stall in Runner thread, restarting!
2023/12/12 (10:31:07) | ERROR: Stall in Runner thread, restarting!
2023/12/12 (10:31:12) | ERROR: Stall in Runner thread, restarting!
2023/12/12 (10:31:17) | ERROR: Stall in Runner thread, restarting!
2023/12/12 (10:31:23) | ERROR: Stall in Runner thread, restarting!
2023/12/12 (10:31:28) | ERROR: Stall in Runner thread, restarting!
2023/12/12 (10:31:33) | ERROR: Stall in Runner thread, restarting!
2023/12/12 (10:31:38) | ERROR: Stall in Runner thread, restarting!
2023/12/12 (10:31:43) | ERROR: Stall in Runner thread, restarting!
2023/12/12 (10:31:48) | ERROR: Stall in Runner thread, restarting!
2023/12/12 (10:31:53) | ERROR: Stall in Runner thread, restarting!
2023/12/12 (10:31:58) | ERROR: Stall in Runner thread, restarting!
2023/12/12 (10:32:03) | ERROR: Stall in Runner thread, restarting!
2023/12/12 (10:32:08) | ERROR: Stall in Runner thread, restarting!
2023/12/12 (10:32:14) | ERROR: Stall in Runner thread, restarting!
2023/12/12 (10:32:19) | ERROR: Stall in Runner thread, restarting!
2023/12/12 (10:32:24) | ERROR: Stall in Runner thread, restarting!
2023/12/12 (10:32:29) | ERROR: Stall in Runner thread, restarting!
2023/12/12 (10:32:34) | ERROR: Stall in Runner thread, restarting!
2023/12/12 (10:32:39) | ERROR: Stall in Runner thread, restarting!
2023/12/12 (10:32:44) | ERROR: Stall in Runner thread, restarting!
2023/12/12 (10:32:49) | ERROR: Stall in Runner thread, restarting!
2023/12/12 (10:32:54) | ERROR: Stall in Runner thread, restarting!
2023/12/12 (10:32:59) | ERROR: Stall in Runner thread, restarting!
2023/12/12 (10:33:05) | ERROR: Stall in Runner thread, restarting!
2023/12/12 (10:33:10) | ERROR: Stall in Runner thread, restarting!
2023/12/12 (10:33:15) | ERROR: Stall in Runner thread, restarting!
2023/12/12 (10:33:20) | ERROR: Stall in Runner thread, restarting!
2023/12/12 (10:33:25) | ERROR: Stall in Runner thread, restarting!
2023/12/12 (10:33:30) | ERROR: Stall in Runner thread, restarting!
2023/12/12 (10:33:35) | ERROR: Stall in Runner thread, restarting!
2023/12/12 (10:33:40) | ERROR: Stall in Runner thread, restarting!
2023/12/12 (10:33:45) | ERROR: Stall in Runner thread, restarting!
2023/12/12 (10:33:50) | ERROR: Stall in Runner thread, restarting!
2023/12/12 (10:33:56) | ERROR: Stall in Runner thread, restarting!
2023/12/12 (10:34:01) | ERROR: Stall in Runner thread, restarting!
2023/12/12 (10:34:06) | ERROR: Stall in Runner thread, restarting!
2023/12/12 (10:34:11) | ERROR: Stall in Runner thread, restarting!
2023/12/12 (10:34:16) | ERROR: Stall in Runner thread, restarting!
2023/12/12 (10:34:21) | ERROR: Stall in Runner thread, restarting!
2023/12/12 (10:34:26) | ERROR: Stall in Runner thread, restarting!
2023/12/12 (10:34:31) | ERROR: Stall in Runner thread, restarting!
2023/12/12 (10:34:36) | ERROR: Stall in Runner thread, restarting!
2023/12/12 (10:34:41) | ERROR: Stall in Runner thread, restarting!
2023/12/12 (10:34:47) | ERROR: Stall in Runner thread, restarting!
2023/12/12 (10:34:52) | ERROR: Stall in Runner thread, restarting!
2023/12/12 (10:34:57) | ERROR: Stall in Runner thread, restarting!
2023/12/12 (10:35:02) | ERROR: Stall in Runner thread, restarting!
2023/12/12 (10:35:07) | ERROR: Stall in Runner thread, restarting!
2023/12/12 (10:35:12) | ERROR: Stall in Runner thread, restarting!
2023/12/12 (10:35:17) | ERROR: Stall in Runner thread, restarting!
2023/12/12 (10:35:22) | ERROR: Stall in Runner thread, restarting!
2023/12/12 (10:35:27) | ERROR: Stall in Runner thread, restarting!
2023/12/12 (10:35:33) | ERROR: Stall in Runner thread, restarting!
2023/12/12 (10:35:38) | ERROR: Stall in Runner thread, restarting!
2023/12/12 (10:35:43) | ERROR: Stall in Runner thread, restarting!
2023/12/12 (10:35:48) | ERROR: Stall in Runner thread, restarting!
2023/12/12 (10:35:53) | ERROR: Stall in Runner thread, restarting!
2023/12/12 (10:35:58) | ERROR: Stall in Runner thread, restarting!
2023/12/12 (10:36:03) | ERROR: Stall in Runner thread, restarting!
2023/12/12 (10:36:08) | ERROR: Stall in Runner thread, restarting!
2023/12/12 (10:36:13) | ERROR: Stall in Runner thread, restarting!
2023/12/12 (10:36:18) | ERROR: Stall in Runner thread, restarting!
2023/12/12 (10:36:24) | ERROR: Stall in Runner thread, restarting!
2023/12/12 (10:36:29) | ERROR: Stall in Runner thread, restarting!
2023/12/12 (10:36:34) | ERROR: Stall in Runner thread, restarting!
2023/12/12 (10:36:39) | ERROR: Stall in Runner thread, restarting!
2023/12/12 (10:36:44) | ERROR: Stall in Runner thread, restarting!
2023/12/12 (10:36:49) | ERROR: Stall in Runner thread, restarting!
2023/12/12 (10:36:54) | ERROR: Stall in Runner thread, restarting!
2023/12/12 (10:36:59) | ERROR: Stall in Runner thread, restarting!
2023/12/12 (10:37:04) | ERROR: Stall in Runner thread, restarting!
2023/12/12 (10:37:09) | ERROR: Stall in Runner thread, restarting!
2023/12/12 (10:37:15) | ERROR: Stall in Runner thread, restarting!
2023/12/12 (10:37:20) | ERROR: Stall in Runner thread, restarting!
2023/12/12 (10:37:25) | ERROR: Stall in Runner thread, restarting!
2023/12/12 (10:37:30) | ERROR: Stall in Runner thread, restarting!
2023/12/12 (10:37:35) | ERROR: Stall in Runner thread, restarting!
2023/12/12 (10:37:40) | ERROR: Stall in Runner thread, restarting!
2023/12/12 (10:37:45) | ERROR: Stall in Runner thread, restarting!
2023/12/12 (10:37:50) | ERROR: Stall in Runner thread, restarting!
2023/12/12 (10:37:55) | ERROR: Stall in Runner thread, restarting!

2024/02/10 (21:40:26) | ===> btop++ v.1.3.0
2024/02/10 (21:40:26) | WARNING: No good candidate for cpu sensor found, using random from all found sensors.

2024/02/10 (21:42:01) | ===> btop++ v.1.3.0
2024/02/10 (21:42:01) | WARNING: No good candidate for cpu sensor found, using random from all found sensors.

2024/02/10 (22:25:10) | ===> btop++ v.1.3.0
2024/02/10 (22:25:10) | WARNING: No good candidate for cpu sensor found, using random from all found sensors.

2024/02/10 (23:22:07) | ===> btop++ v.1.3.0
2024/02/10 (23:22:07) | WARNING: No good candidate for cpu sensor found, using random from all found sensors.

2024/02/12 (23:35:50) | ===> btop++ v.1.3.0
2024/02/12 (23:35:50) | WARNING: No good candidate for cpu sensor found, using random from all found sensors.

2024/02/12 (23:46:13) | ===> btop++ v.1.3.0
2024/02/12 (23:46:13) | WARNING: No good candidate for cpu sensor found, using random from all found sensors.

2024/02/12 (23:46:42) | ===> btop++ v.1.3.0
2024/02/12 (23:46:42) | WARNING: No good candidate for cpu sensor found, using random from all found sensors.

2024/02/14 (17:45:11) | ===> btop++ v.1.3.0
2024/02/14 (17:45:11) | WARNING: No good candidate for cpu sensor found, using random from all found sensors.

2024/02/14 (19:03:47) | ===> btop++ v.1.3.0
2024/02/14 (19:03:47) | WARNING: No good candidate for cpu sensor found, using random from all found sensors.

2024/02/14 (19:04:07) | ===> btop++ v.1.3.0
2024/02/14 (19:04:07) | WARNING: No good candidate for cpu sensor found, using random from all found sensors.

2024/02/14 (20:06:48) | ===> btop++ v.1.3.0
2024/02/14 (20:06:48) | WARNING: No good candidate for cpu sensor found, using random from all found sensors.

2024/02/14 (20:06:52) | ===> btop++ v.1.3.0
2024/02/14 (20:06:52) | WARNING: No good candidate for cpu sensor found, using random from all found sensors.

2024/02/14 (20:12:59) | ===> btop++ v.1.3.0
2024/02/14 (20:12:59) | WARNING: No good candidate for cpu sensor found, using random from all found sensors.

2024/02/14 (21:14:30) | ===> btop++ v.1.3.0
2024/02/14 (21:14:30) | WARNING: No good candidate for cpu sensor found, using random from all found sensors.

2024/02/14 (21:20:07) | ===> btop++ v.1.3.0
2024/02/14 (21:20:07) | WARNING: No good candidate for cpu sensor found, using random from all found sensors.

2024/02/14 (23:33:47) | ===> btop++ v.1.3.0
2024/02/14 (23:33:47) | WARNING: No good candidate for cpu sensor found, using random from all found sensors.

2024/02/14 (23:47:07) | ===> btop++ v.1.3.0
2024/02/14 (23:47:07) | WARNING: No good candidate for cpu sensor found, using random from all found sensors.

2024/02/16 (00:07:30) | ===> btop++ v.1.3.0
2024/02/16 (00:07:30) | WARNING: No good candidate for cpu sensor found, using random from all found sensors.

2024/02/16 (00:08:09) | ===> btop++ v.1.3.0
2024/02/16 (00:08:09) | WARNING: No good candidate for cpu sensor found, using random from all found sensors.

2024/02/16 (00:13:22) | ===> btop++ v.1.3.0
2024/02/16 (00:13:22) | WARNING: No good candidate for cpu sensor found, using random from all found sensors.

2024/02/17 (20:53:46) | ===> btop++ v.1.3.0
2024/02/17 (20:53:46) | WARNING: No good candidate for cpu sensor found, using random from all found sensors.

2024/02/17 (21:19:51) | ===> btop++ v.1.3.0
2024/02/17 (21:19:51) | WARNING: No good candidate for cpu sensor found, using random from all found sensors.

2024/02/27 (23:10:14) | ===> btop++ v.1.3.0
2024/02/27 (23:10:14) | WARNING: No good candidate for cpu sensor found, using random from all found sensors.

2024/03/01 (16:14:15) | ===> btop++ v.1.3.0
2024/03/01 (16:14:15) | WARNING: No good candidate for cpu sensor found, using random from all found sensors.

2024/03/01 (16:15:10) | ===> btop++ v.1.3.0
2024/03/01 (16:15:10) | WARNING: No good candidate for cpu sensor found, using random from all found sensors.

2024/03/01 (16:46:36) | ===> btop++ v.1.3.0
2024/03/01 (16:46:36) | WARNING: No good candidate for cpu sensor found, using random from all found sensors.

2024/03/01 (23:40:52) | ===> btop++ v.1.3.2
2024/03/01 (23:40:52) | WARNING: No good candidate for cpu sensor found, using random from all found sensors.

2024/03/04 (15:43:34) | ===> btop++ v.1.3.2
2024/03/04 (15:43:34) | WARNING: No good candidate for cpu sensor found, using random from all found sensors.

2024/03/05 (11:26:19) | ===> btop++ v.1.3.2
2024/03/05 (11:26:19) | WARNING: No good candidate for cpu sensor found, using random from all found sensors.

2024/03/08 (18:15:34) | ===> btop++ v.1.3.2
2024/03/08 (18:15:34) | WARNING: No good candidate for cpu sensor found, using random from all found sensors.

2024/03/08 (18:17:15) | ===> btop++ v.1.3.2
2024/03/08 (18:17:15) | WARNING: No good candidate for cpu sensor found, using random from all found sensors.

2024/03/08 (18:32:16) | ===> btop++ v.1.3.2
2024/03/08 (18:32:16) | WARNING: No good candidate for cpu sensor found, using random from all found sensors.

2024/03/12 (10:08:27) | ===> btop++ v.1.3.2
2024/03/12 (10:08:27) | WARNING: No good candidate for cpu sensor found, using random from all found sensors.

2024/03/12 (10:26:38) | ===> btop++ v.1.3.2
2024/03/12 (10:26:38) | WARNING: No good candidate for cpu sensor found, using random from all found sensors.

2024/03/12 (12:14:33) | ===> btop++ v.1.3.2
2024/03/12 (12:14:33) | WARNING: No good candidate for cpu sensor found, using random from all found sensors.

2024/03/12 (12:24:15) | ===> btop++ v.1.3.2
2024/03/12 (12:24:15) | WARNING: No good candidate for cpu sensor found, using random from all found sensors.

2024/03/12 (15:40:11) | ===> btop++ v.1.3.2
2024/03/12 (15:40:11) | WARNING: No good candidate for cpu sensor found, using random from all found sensors.

2024/03/12 (21:59:12) | ===> btop++ v.1.3.2
2024/03/12 (21:59:12) | WARNING: No good candidate for cpu sensor found, using random from all found sensors.

2024/03/16 (13:52:10) | ===> btop++ v.1.3.2
2024/03/16 (13:52:10) | WARNING: No good candidate for cpu sensor found, using random from all found sensors.

2024/03/16 (13:52:19) | ===> btop++ v.1.3.2
2024/03/16 (13:52:19) | WARNING: No good candidate for cpu sensor found, using random from all found sensors.

2024/03/21 (16:28:18) | ===> btop++ v.1.3.2
2024/03/21 (16:28:18) | WARNING: No good candidate for cpu sensor found, using random from all found sensors.

2024/03/28 (08:57:02) | ===> btop++ v.1.3.2
2024/03/28 (08:57:02) | WARNING: No good candidate for cpu sensor found, using random from all found sensors.

2024/04/07 (21:00:36) | ===> btop++ v.1.3.2
2024/04/07 (21:00:36) | WARNING: No good candidate for cpu sensor found, using random from all found sensors.

2024/04/08 (13:30:14) | ===> btop++ v.1.3.2
2024/04/08 (13:30:14) | WARNING: No good candidate for cpu sensor found, using random from all found sensors.

2024/04/08 (16:21:49) | ===> btop++ v.1.3.2
2024/04/08 (16:21:49) | WARNING: No good candidate for cpu sensor found, using random from all found sensors.

2024/04/11 (23:21:20) | ===> btop++ v.1.3.2
2024/04/11 (23:21:20) | WARNING: No good candidate for cpu sensor found, using random from all found sensors.

2024/04/19 (08:45:46) | ===> btop++ v.1.3.2
2024/04/19 (08:45:46) | WARNING: No good candidate for cpu sensor found, using random from all found sensors.

2024/04/19 (12:24:06) | ===> btop++ v.1.3.2
2024/04/19 (12:24:06) | WARNING: No good candidate for cpu sensor found, using random from all found sensors.

2024/04/19 (15:08:52) | ===> btop++ v.1.3.2
2024/04/19 (15:08:52) | WARNING: No good candidate for cpu sensor found, using random from all found sensors.

2024/04/19 (15:37:53) | ===> btop++ v.1.3.2
2024/04/19 (15:37:53) | WARNING: No good candidate for cpu sensor found, using random from all found sensors.

2024/04/21 (17:07:20) | ===> btop++ v.1.3.2
2024/04/21 (17:07:20) | WARNING: No good candidate for cpu sensor found, using random from all found sensors.

2024/04/28 (08:32:21) | ===> btop++ v.1.3.2
2024/04/28 (08:32:21) | WARNING: No good candidate for cpu sensor found, using random from all found sensors.

2024/04/28 (20:09:41) | ===> btop++ v.1.3.2
2024/04/28 (20:09:41) | WARNING: No good candidate for cpu sensor found, using random from all found sensors.

2024/04/28 (20:18:08) | ===> btop++ v.1.3.2
2024/04/28 (20:18:08) | WARNING: No good candidate for cpu sensor found, using random from all found sensors.

2024/05/06 (09:25:17) | ===> btop++ v.1.3.2
2024/05/06 (09:25:17) | WARNING: No good candidate for cpu sensor found, using random from all found sensors.

2024/05/07 (23:49:07) | ===> btop++ v.1.3.2
2024/05/07 (23:49:07) | WARNING: No good candidate for cpu sensor found, using random from all found sensors.

2024/05/10 (11:15:02) | ===> btop++ v.1.3.2
2024/05/10 (11:15:02) | WARNING: No good candidate for cpu sensor found, using random from all found sensors.

2024/05/11 (10:05:45) | ===> btop++ v.1.3.2
2024/05/11 (10:05:45) | WARNING: No good candidate for cpu sensor found, using random from all found sensors.

2024/05/14 (23:19:25) | ===> btop++ v.1.3.2
2024/05/14 (23:19:25) | WARNING: No good candidate for cpu sensor found, using random from all found sensors.

2024/05/15 (17:24:42) | ===> btop++ v.1.3.2
2024/05/15 (17:24:42) | WARNING: No good candidate for cpu sensor found, using random from all found sensors.

2024/05/18 (12:35:10) | ===> btop++ v.1.3.2
2024/05/18 (12:35:10) | WARNING: No good candidate for cpu sensor found, using random from all found sensors.

2024/05/22 (14:12:57) | ===> btop++ v.1.3.2
2024/05/22 (14:12:57) | WARNING: No good candidate for cpu sensor found, using random from all found sensors.

2024/05/28 (13:48:04) | ===> btop++ v.1.3.2
2024/05/28 (13:48:04) | WARNING: No good candidate for cpu sensor found, using random from all found sensors.

2024/05/28 (16:38:15) | ===> btop++ v.1.3.2
2024/05/28 (16:38:15) | WARNING: No good candidate for cpu sensor found, using random from all found sensors.

2024/05/28 (16:38:25) | ===> btop++ v.1.3.2
2024/05/28 (16:38:25) | WARNING: No good candidate for cpu sensor found, using random from all found sensors.

2024/05/28 (19:33:01) | ===> btop++ v.1.3.2
2024/05/28 (19:33:01) | WARNING: No good candidate for cpu sensor found, using random from all found sensors.

2024/05/29 (23:09:54) | ===> btop++ v.1.3.2
2024/05/29 (23:09:54) | WARNING: No good candidate for cpu sensor found, using random from all found sensors.

2024/05/29 (23:12:51) | ===> btop++ v.1.3.2
2024/05/29 (23:12:51) | WARNING: No good candidate for cpu sensor found, using random from all found sensors.

2024/05/29 (23:16:14) | ===> btop++ v.1.3.2
2024/05/29 (23:16:14) | WARNING: No good candidate for cpu sensor found, using random from all found sensors.

2024/06/02 (14:15:41) | ===> btop++ v.1.3.2
2024/06/02 (14:15:41) | WARNING: No good candidate for cpu sensor found, using random from all found sensors.

2024/06/02 (23:00:37) | ===> btop++ v.1.3.2
2024/06/02 (23:00:37) | WARNING: No good candidate for cpu sensor found, using random from all found sensors.

2024/06/02 (23:00:57) | ===> btop++ v.1.3.2
2024/06/02 (23:00:57) | WARNING: No good candidate for cpu sensor found, using random from all found sensors.

2024/06/05 (14:37:30) | ===> btop++ v.1.3.2
2024/06/05 (14:37:30) | WARNING: No good candidate for cpu sensor found, using random from all found sensors.

2024/06/05 (21:56:36) | ===> btop++ v.1.3.2
2024/06/05 (21:56:36) | WARNING: No good candidate for cpu sensor found, using random from all found sensors.

2024/06/06 (20:53:58) | ===> btop++ v.1.3.2
2024/06/06 (20:53:58) | WARNING: No good candidate for cpu sensor found, using random from all found sensors.

2024/06/09 (15:27:03) | ===> btop++ v.1.3.2
2024/06/09 (15:27:03) | WARNING: No good candidate for cpu sensor found, using random from all found sensors.

2024/06/13 (16:59:39) | ===> btop++ v.1.3.2
2024/06/13 (16:59:39) | WARNING: No good candidate for cpu sensor found, using random from all found sensors.

2024/06/13 (17:58:59) | ===> btop++ v.1.3.2
2024/06/13 (17:58:59) | WARNING: No good candidate for cpu sensor found, using random from all found sensors.

2024/06/14 (11:36:38) | ===> btop++ v.1.3.2
2024/06/14 (11:36:38) | WARNING: No good candidate for cpu sensor found, using random from all found sensors.

2024/06/14 (11:53:07) | ===> btop++ v.1.3.2
2024/06/14 (11:53:07) | WARNING: No good candidate for cpu sensor found, using random from all found sensors.

2024/06/14 (14:26:44) | ===> btop++ v.1.3.2
2024/06/14 (14:26:44) | WARNING: No good candidate for cpu sensor found, using random from all found sensors.

2024/06/14 (20:19:03) | ===> btop++ v.1.3.2
2024/06/14 (20:19:03) | WARNING: No good candidate for cpu sensor found, using random from all found sensors.

2024/06/15 (07:48:17) | ===> btop++ v.1.3.2
2024/06/15 (07:48:17) | WARNING: No good candidate for cpu sensor found, using random from all found sensors.

2024/06/21 (14:07:39) | ===> btop++ v.1.3.2
2024/06/21 (14:07:39) | WARNING: No good candidate for cpu sensor found, using random from all found sensors.

2024/06/21 (19:54:00) | ===> btop++ v.1.3.2
2024/06/21 (19:54:00) | WARNING: No good candidate for cpu sensor found, using random from all found sensors.

2024/06/21 (21:54:53) | ===> btop++ v.1.3.2
2024/06/21 (21:54:53) | WARNING: No good candidate for cpu sensor found, using random from all found sensors.

2024/06/25 (00:00:00) | ===> btop++ v.1.3.2
2024/06/25 (00:00:00) | WARNING: No good candidate for cpu sensor found, using random from all found sensors.

2024/06/25 (00:02:32) | ===> btop++ v.1.3.2
2024/06/25 (00:02:32) | WARNING: No good candidate for cpu sensor found, using random from all found sensors.

2024/06/25 (00:02:53) | ===> btop++ v.1.3.2
2024/06/25 (00:02:53) | WARNING: No good candidate for cpu sensor found, using random from all found sensors.

2024/06/25 (15:05:23) | ===> btop++ v.1.3.2
2024/06/25 (15:05:23) | WARNING: No good candidate for cpu sensor found, using random from all found sensors.

2024/06/25 (15:05:32) | ===> btop++ v.1.3.2
2024/06/25 (15:05:32) | WARNING: No good candidate for cpu sensor found, using random from all found sensors.

2024/06/25 (19:31:22) | ===> btop++ v.1.3.2
2024/06/25 (19:31:22) | WARNING: No good candidate for cpu sensor found, using random from all found sensors.

2024/06/25 (19:33:39) | ===> btop++ v.1.3.2
2024/06/25 (19:33:39) | WARNING: No good candidate for cpu sensor found, using random from all found sensors.

2024/06/25 (23:03:30) | ===> btop++ v.1.3.2
2024/06/25 (23:03:30) | WARNING: No good candidate for cpu sensor found, using random from all found sensors.

2024/07/03 (13:08:51) | ===> btop++ v.1.3.2
2024/07/03 (13:08:51) | WARNING: No good candidate for cpu sensor found, using random from all found sensors.
2024/07/03 (13:08:52) | ERROR: Couldn't determine terminal size of "STDOUT_FILENO"!
2024/07/03 (13:08:52) | ERROR: Couldn't determine terminal size of "/dev/tty"!

2024/07/03 (13:08:56) | ===> btop++ v.1.3.2
2024/07/03 (13:08:56) | WARNING: No good candidate for cpu sensor found, using random from all found sensors.

2024/07/03 (14:18:35) | ===> btop++ v.1.3.2
2024/07/03 (14:18:35) | WARNING: No good candidate for cpu sensor found, using random from all found sensors.

2024/07/07 (11:45:35) | ===> btop++ v.1.3.2
2024/07/07 (11:45:35) | WARNING: No good candidate for cpu sensor found, using random from all found sensors.

2024/07/11 (22:46:56) | ===> btop++ v.1.3.2
2024/07/11 (22:46:56) | WARNING: No good candidate for cpu sensor found, using random from all found sensors.

2024/07/11 (22:48:13) | ===> btop++ v.1.3.2
2024/07/11 (22:48:13) | WARNING: No good candidate for cpu sensor found, using random from all found sensors.

2024/07/11 (22:49:04) | ===> btop++ v.1.3.2
2024/07/11 (22:49:04) | WARNING: No good candidate for cpu sensor found, using random from all found sensors.
2024/07/11 (22:49:54) | ERROR: Couldn't determine terminal size of "STDOUT_FILENO"!
2024/07/11 (22:49:54) | ERROR: Couldn't determine terminal size of "/dev/tty"!

2024/07/11 (23:05:16) | ===> btop++ v.1.3.2
2024/07/11 (23:05:16) | WARNING: No good candidate for cpu sensor found, using random from all found sensors.

2024/07/19 (00:23:50) | ===> btop++ v.1.3.2
2024/07/19 (00:23:50) | WARNING: No good candidate for cpu sensor found, using random from all found sensors.

2024/07/23 (08:31:36) | ===> btop++ v.1.3.2
2024/07/23 (08:31:36) | WARNING: No good candidate for cpu sensor found, using random from all found sensors.

2024/08/14 (16:49:08) | ===> btop++ v.1.3.2
2024/08/14 (16:49:08) | WARNING: No good candidate for cpu sensor found, using random from all found sensors.

2024/08/26 (16:53:19) | ===> btop++ v.1.3.2
2024/08/26 (16:53:19) | WARNING: No good candidate for cpu sensor found, using random from all found sensors.

2024/09/05 (18:02:58) | ===> btop++ v.1.3.2
2024/09/05 (18:02:58) | WARNING: No good candidate for cpu sensor found, using random from all found sensors.

2024/09/07 (12:41:07) | ===> btop++ v.1.3.2
2024/09/07 (12:41:07) | WARNING: No good candidate for cpu sensor found, using random from all found sensors.

2024/09/07 (21:21:26) | ===> btop++ v.1.3.2
2024/09/07 (21:21:26) | WARNING: No good candidate for cpu sensor found, using random from all found sensors.

2024/09/07 (22:42:02) | ===> btop++ v.1.3.2
2024/09/07 (22:42:02) | WARNING: No good candidate for cpu sensor found, using random from all found sensors.

2024/09/13 (16:37:36) | ===> btop++ v.1.3.2
2024/09/13 (16:37:36) | WARNING: No good candidate for cpu sensor found, using random from all found sensors.

2024/09/13 (16:39:14) | ===> btop++ v.1.3.2
2024/09/13 (16:39:14) | WARNING: No good candidate for cpu sensor found, using random from all found sensors.

2024/09/13 (18:53:27) | ===> btop++ v.1.3.2
2024/09/13 (18:53:27) | WARNING: No good candidate for cpu sensor found, using random from all found sensors.

2024/09/14 (22:33:21) | ===> btop++ v.1.3.2
2024/09/14 (22:33:21) | WARNING: No good candidate for cpu sensor found, using random from all found sensors.

2024/09/15 (01:25:34) | ===> btop++ v.1.3.2
2024/09/15 (01:25:34) | WARNING: No good candidate for cpu sensor found, using random from all found sensors.

2024/09/15 (19:15:03) | ===> btop++ v.1.3.2
2024/09/15 (19:15:03) | WARNING: No good candidate for cpu sensor found, using random from all found sensors.

2024/09/17 (22:23:00) | ===> btop++ v.1.3.2
2024/09/17 (22:23:00) | WARNING: No good candidate for cpu sensor found, using random from all found sensors.

2024/09/17 (22:24:54) | ===> btop++ v.1.3.2
2024/09/17 (22:24:54) | WARNING: No good candidate for cpu sensor found, using random from all found sensors.

2024/09/19 (20:18:04) | ===> btop++ v.1.3.2
2024/09/19 (20:18:04) | WARNING: No good candidate for cpu sensor found, using random from all found sensors.

2024/09/20 (19:06:40) | ===> btop++ v.1.3.2
2024/09/20 (19:06:40) | WARNING: No good candidate for cpu sensor found, using random from all found sensors.

2024/09/22 (22:50:40) | ===> btop++ v.1.3.2
2024/09/22 (22:50:40) | WARNING: No good candidate for cpu sensor found, using random from all found sensors.

2024/09/24 (19:55:21) | ===> btop++ v.1.3.2
2024/09/24 (19:55:21) | WARNING: No good candidate for cpu sensor found, using random from all found sensors.

2024/09/25 (21:17:53) | ===> btop++ v.1.3.2
2024/09/25 (21:17:53) | WARNING: No good candidate for cpu sensor found, using random from all found sensors.

2024/09/26 (22:06:50) | ===> btop++ v.1.3.2
2024/09/26 (22:06:50) | WARNING: No good candidate for cpu sensor found, using random from all found sensors.

2024/09/27 (14:13:50) | ===> btop++ v.1.3.2
2024/09/27 (14:13:50) | WARNING: No good candidate for cpu sensor found, using random from all found sensors.

2024/09/27 (15:39:17) | ===> btop++ v.1.3.2
2024/09/27 (15:39:17) | WARNING: No good candidate for cpu sensor found, using random from all found sensors.

2024/09/27 (15:50:15) | ===> btop++ v.1.3.2
2024/09/27 (15:50:15) | WARNING: No good candidate for cpu sensor found, using random from all found sensors.

2024/09/27 (16:06:45) | ===> btop++ v.1.3.2
2024/09/27 (16:06:45) | WARNING: No good candidate for cpu sensor found, using random from all found sensors.

2024/09/27 (16:06:53) | ===> btop++ v.1.3.2
2024/09/27 (16:06:53) | WARNING: No good candidate for cpu sensor found, using random from all found sensors.

2024/09/27 (21:31:22) | ===> btop++ v.1.3.2
2024/09/27 (21:31:22) | WARNING: No good candidate for cpu sensor found, using random from all found sensors.

2024/09/28 (18:28:16) | ===> btop++ v.1.3.2
2024/09/28 (18:28:16) | WARNING: No good candidate for cpu sensor found, using random from all found sensors.

2024/09/28 (19:09:49) | ===> btop++ v.1.3.2
2024/09/28 (19:09:49) | WARNING: No good candidate for cpu sensor found, using random from all found sensors.

2024/09/28 (19:26:03) | ===> btop++ v.1.3.2
2024/09/28 (19:26:03) | WARNING: No good candidate for cpu sensor found, using random from all found sensors.
